Calculating dependencies   ... done!

>>> Verifying ebuild manifests

>>> Emerging (1 of 1) media-libs/libdc1394-2.1.0
 * libdc1394-2.1.0.tar.gz RMD160 SHA1 SHA256 size ;-) ...                [ ok ]
 * checking ebuild checksums ;-) ...                                     [ ok ]
 * checking auxfile checksums ;-) ...                                    [ ok ]
 * checking miscfile checksums ;-) ...                                   [ ok ]
>>> Unpacking source...
>>> Unpacking libdc1394-2.1.0.tar.gz to /var/tmp/portage/media-libs/libdc1394-2.1.0/work
 * Applying libdc1394-2.1.0-0001-make-examples-disableable.patch ...
  [ ok ]
 * Applying libdc1394-2.1.0-0002-missing-initializer-basler_sff.patch ...
  [ ok ]
 * Applying libdc1394-2.1.0-0003-append-user-CFLAGS.patch ...
  [ ok ]
 * Applying libdc1394-2.1.0-0004-zero-returned-quad-memory.patch ...
  [ ok ]
 * Applying libdc1394-2.1.0-0005-zero-another-buffer-for-valgrind.patch ...
  [ ok ]
 * Applying libdc1394-2.1.0-0006-return-error-code-from-delegate.patch ...
  [ ok ]
 * Running eautoreconf in '/var/tmp/portage/media-libs/libdc1394-2.1.0/work/libdc1394-2.1.0' ...
 * Running aclocal ...
  [ ok ]
 * Running libtoolize --copy --force --install --automake ...
  [ ok ]
 * Running aclocal ...
  [ ok ]
 * Running autoconf ...
  [ ok ]
 * Running autoheader ...
  [ ok ]
 * Running automake --add-missing --copy ...
  [ ok ]
 * Running elibtoolize in: libdc1394-2.1.0
 *   Applying sed-1.5.6.patch ...
>>> Source unpacked.
>>> Compiling source in /var/tmp/portage/media-libs/libdc1394-2.1.0/work/libdc1394-2.1.0 ...
 * econf: updating libdc1394-2.1.0/config.guess with /usr/share/gnuconfig/config.guess
 * econf: updating libdc1394-2.1.0/config.sub with /usr/share/gnuconfig/config.sub
./configure --prefix=/usr --host=x86_64-pc-linux-gnu --mandir=/usr/share/man --infodir=/usr/share/info --datadir=/usr/share --sysconfdir=/etc --localstatedir=/var/lib --program-suffix=2 --with-x --disable-examples --libdir=/usr/lib64 --build=x86_64-pc-linux-gnu
checking build system type... x86_64-pc-linux-gnu
checking host system type... x86_64-pc-linux-gnu
checking target system type... x86_64-pc-linux-gnu
checking for x86_64-pc-linux-gnu-doxygen... no
checking for doxygen... no
configure: WARNING: doxygen not found - will not generate any doxygen documentation (requires doxygen package)
checking for x86_64-pc-linux-gnu-perl... no
checking for perl... /usr/bin/perl
checking for a BSD-compatible install... /usr/bin/install -c
checking whether build environment is sane... yes
checking for a thread-safe mkdir -p... /bin/mkdir -p
checking for gawk... gawk
checking whether make sets $(MAKE)... yes
checking for x86_64-pc-linux-gnu-gcc... x86_64-pc-linux-gnu-gcc
checking for C compiler default output file name... a.out
checking whether the C compiler works... yes
checking whether we are cross compiling... no
checking for suffix of executables... 
checking for suffix of object files... o
checking whether we are using the GNU C compiler... yes
checking whether x86_64-pc-linux-gnu-gcc accepts -g... yes
checking for x86_64-pc-linux-gnu-gcc option to accept ISO C89... none needed
checking for style of include used by make... GNU
checking dependency style of x86_64-pc-linux-gnu-gcc... gcc3
checking for a sed that does not truncate output... /bin/sed
checking for grep that handles long lines and -e... /bin/grep
checking for egrep... /bin/grep -E
checking for fgrep... /bin/grep -F
checking for ld used by x86_64-pc-linux-gnu-gcc... /usr/x86_64-pc-linux-gnu/bin/ld
checking if the linker (/usr/x86_64-pc-linux-gnu/bin/ld) is GNU ld... yes
checking for BSD- or MS-compatible name lister (nm)... /usr/bin/nm -B
checking the name lister (/usr/bin/nm -B) interface... BSD nm
checking whether ln -s works... yes
checking the maximum length of command line arguments... 3458764513820540925
checking whether the shell understands some XSI constructs... yes
checking whether the shell understands "+="... yes
checking for /usr/x86_64-pc-linux-gnu/bin/ld option to reload object files... -r
checking for x86_64-pc-linux-gnu-objdump... x86_64-pc-linux-gnu-objdump
checking how to recognize dependent libraries... pass_all
checking for x86_64-pc-linux-gnu-ar... x86_64-pc-linux-gnu-ar
checking for x86_64-pc-linux-gnu-strip... x86_64-pc-linux-gnu-strip
checking for x86_64-pc-linux-gnu-ranlib... x86_64-pc-linux-gnu-ranlib
checking command to parse /usr/bin/nm -B output from x86_64-pc-linux-gnu-gcc object... ok
checking how to run the C preprocessor... x86_64-pc-linux-gnu-gcc -E
checking for ANSI C header files... yes
checking for sys/types.h... yes
checking for sys/stat.h... yes
checking for stdlib.h... yes
checking for string.h... yes
checking for memory.h... yes
checking for strings.h... yes
checking for inttypes.h... yes
checking for stdint.h... yes
checking for unistd.h... yes
checking for dlfcn.h... yes
checking for objdir... .libs
checking if x86_64-pc-linux-gnu-gcc supports -fno-rtti -fno-exceptions... no
checking for x86_64-pc-linux-gnu-gcc option to produce PIC... -fPIC -DPIC
checking if x86_64-pc-linux-gnu-gcc PIC flag -fPIC -DPIC works... yes
checking if x86_64-pc-linux-gnu-gcc static flag -static works... yes
checking if x86_64-pc-linux-gnu-gcc supports -c -o file.o... yes
checking if x86_64-pc-linux-gnu-gcc supports -c -o file.o... (cached) yes
checking whether the x86_64-pc-linux-gnu-gcc linker (/usr/x86_64-pc-linux-gnu/bin/ld -m elf_x86_64) supports shared libraries... yes
checking whether -lc should be explicitly linked in... no
checking dynamic linker characteristics... GNU/Linux ld.so
checking how to hardcode library paths into programs... immediate
checking whether stripping libraries is possible... yes
checking if libtool supports shared libraries... yes
checking whether to build shared libraries... yes
checking whether to build static libraries... yes
checking whether x86_64-pc-linux-gnu-gcc and cc understand -c and -o together... yes
checking for x86_64-pc-linux-gnu-pkg-config... no
checking for pkg-config... /usr/bin/pkg-config
checking pkg-config is at least version 0.9.0... yes
checking for C/C++ restrict keyword... __restrict
checking for pow in -lm... yes
checking for LIBUSB... no
configure: WARNING: libusb-1.0 not found
checking for raw1394_channel_modify in -lraw1394... yes
checking for Xv extensions... yes
checking for ANSI C header files... (cached) yes
checking for stdint.h... (cached) yes
checking fcntl.h usability... yes
checking fcntl.h presence... yes
checking for fcntl.h... yes
checking sys/ioctl.h usability... yes
checking sys/ioctl.h presence... yes
checking for sys/ioctl.h... yes
checking for unistd.h... (cached) yes
checking sys/mman.h usability... yes
checking sys/mman.h presence... yes
checking for sys/mman.h... yes
checking netinet/in.h usability... yes
checking netinet/in.h presence... yes
checking for netinet/in.h... yes
checking for X... libraries , headers 
checking for gethostbyname... yes
checking for connect... yes
checking for remove... yes
checking for shmat... yes
checking for IceConnectionNumber in -lICE... yes
checking for size_t... yes
checking for stdlib.h... (cached) yes
checking for unistd.h... (cached) yes
checking for getpagesize... yes
checking for working mmap... yes
configure: creating ./config.status
config.status: creating Makefile
config.status: creating libdc1394-2.pc
config.status: creating dc1394/Makefile
config.status: creating dc1394/linux/Makefile
config.status: creating dc1394/juju/Makefile
config.status: creating dc1394/macosx/Makefile
config.status: creating dc1394/msw/Makefile
config.status: creating dc1394/usb/Makefile
config.status: creating dc1394/vendor/Makefile
config.status: creating examples/Makefile
config.status: creating config.h
config.status: executing depfiles commands
config.status: executing libtool commands


Configuration (libdc1394):

    libraw1394 support (Linux legacy):  Enabled
    Juju support (Linux new):           Enabled
    Mac OS X support:                   Disabled (Mac OS not detected)
    Windows support:                    Disabled (Windows not detected)
    IIDC-over-USB support:              Disabled (libusb-1.0 not found)

make -j4 
make  all-recursive
make[1]: Entering directory `/var/tmp/portage/media-libs/libdc1394-2.1.0/work/libdc1394-2.1.0'
Making all in dc1394
make[2]: Entering directory `/var/tmp/portage/media-libs/libdc1394-2.1.0/work/libdc1394-2.1.0/dc1394'
Making all in linux
make[3]: Entering directory `/var/tmp/portage/media-libs/libdc1394-2.1.0/work/libdc1394-2.1.0/dc1394/linux'
/bin/sh ../../libtool --tag=CC   --mode=compile x86_64-pc-linux-gnu-gcc -DHAVE_CONFIG_H -I. -I../..    -I../.. -I../../dc1394 -Wall -Wunused -std=gnu99 -Wall -Wextra -Wno-unused-parameter -Wall -Wextra -Wno-unused-parameter -O0 -ggdb -MT control.lo -MD -MP -MF .deps/control.Tpo -c -o control.lo control.c
/bin/sh ../../libtool --tag=CC   --mode=compile x86_64-pc-linux-gnu-gcc -DHAVE_CONFIG_H -I. -I../..    -I../.. -I../../dc1394 -Wall -Wunused -std=gnu99 -Wall -Wextra -Wno-unused-parameter -Wall -Wextra -Wno-unused-parameter -O0 -ggdb -MT capture.lo -MD -MP -MF .deps/capture.Tpo -c -o capture.lo capture.c
libtool: compile:  x86_64-pc-linux-gnu-gcc -DHAVE_CONFIG_H -I. -I../.. -I../.. -I../../dc1394 -Wall -Wunused -std=gnu99 -Wall -Wextra -Wno-unused-parameter -Wall -Wextra -Wno-unused-parameter -O0 -ggdb -MT capture.lo -MD -MP -MF .deps/capture.Tpo -c capture.c  -fPIC -DPIC -o .libs/capture.o
libtool: compile:  x86_64-pc-linux-gnu-gcc -DHAVE_CONFIG_H -I. -I../.. -I../.. -I../../dc1394 -Wall -Wunused -std=gnu99 -Wall -Wextra -Wno-unused-parameter -Wall -Wextra -Wno-unused-parameter -O0 -ggdb -MT control.lo -MD -MP -MF .deps/control.Tpo -c control.c  -fPIC -DPIC -o .libs/control.o
libtool: compile:  x86_64-pc-linux-gnu-gcc -DHAVE_CONFIG_H -I. -I../.. -I../.. -I../../dc1394 -Wall -Wunused -std=gnu99 -Wall -Wextra -Wno-unused-parameter -Wall -Wextra -Wno-unused-parameter -O0 -ggdb -MT capture.lo -MD -MP -MF .deps/capture.Tpo -c capture.c -o capture.o >/dev/null 2>&1
control.c: In function 'dc1394_linux_get_device_list':
control.c:168: warning: comparison between signed and unsigned
control.c: In function 'dc1394_linux_camera_new':
control.c:212: warning: comparison between signed and unsigned
libtool: compile:  x86_64-pc-linux-gnu-gcc -DHAVE_CONFIG_H -I. -I../.. -I../.. -I../../dc1394 -Wall -Wunused -std=gnu99 -Wall -Wextra -Wno-unused-parameter -Wall -Wextra -Wno-unused-parameter -O0 -ggdb -MT control.lo -MD -MP -MF .deps/control.Tpo -c control.c -o control.o >/dev/null 2>&1
mv -f .deps/capture.Tpo .deps/capture.Plo
mv -f .deps/control.Tpo .deps/control.Plo
/bin/sh ../../libtool --tag=CC   --mode=link x86_64-pc-linux-gnu-gcc -I../.. -I../../dc1394 -Wall -Wunused -std=gnu99 -Wall -Wextra -Wno-unused-parameter -Wall -Wextra -Wno-unused-parameter -O0 -ggdb  -Wl,-O1 -o libdc1394-linux.la  control.lo capture.lo -lraw1394 -lm 
libtool: link: x86_64-pc-linux-gnu-ar cru .libs/libdc1394-linux.a .libs/control.o .libs/capture.o 
libtool: link: x86_64-pc-linux-gnu-ranlib .libs/libdc1394-linux.a
libtool: link: ( cd ".libs" && rm -f "libdc1394-linux.la" && ln -s "../libdc1394-linux.la" "libdc1394-linux.la" )
make[3]: Leaving directory `/var/tmp/portage/media-libs/libdc1394-2.1.0/work/libdc1394-2.1.0/dc1394/linux'
Making all in juju
make[3]: Entering directory `/var/tmp/portage/media-libs/libdc1394-2.1.0/work/libdc1394-2.1.0/dc1394/juju'
/bin/sh ../../libtool --tag=CC   --mode=compile x86_64-pc-linux-gnu-gcc -DHAVE_CONFIG_H -I. -I../..    -I../../dc1394 -Wall -Wunused -std=gnu99 -Wall -Wextra -Wno-unused-parameter -Wall -Wextra -Wno-unused-parameter -O0 -ggdb -MT control.lo -MD -MP -MF .deps/control.Tpo -c -o control.lo control.c
/bin/sh ../../libtool --tag=CC   --mode=compile x86_64-pc-linux-gnu-gcc -DHAVE_CONFIG_H -I. -I../..    -I../../dc1394 -Wall -Wunused -std=gnu99 -Wall -Wextra -Wno-unused-parameter -Wall -Wextra -Wno-unused-parameter -O0 -ggdb -MT capture.lo -MD -MP -MF .deps/capture.Tpo -c -o capture.lo capture.c
libtool: compile:  x86_64-pc-linux-gnu-gcc -DHAVE_CONFIG_H -I. -I../.. -I../../dc1394 -Wall -Wunused -std=gnu99 -Wall -Wextra -Wno-unused-parameter -Wall -Wextra -Wno-unused-parameter -O0 -ggdb -MT capture.lo -MD -MP -MF .deps/capture.Tpo -c capture.c  -fPIC -DPIC -o .libs/capture.o
libtool: compile:  x86_64-pc-linux-gnu-gcc -DHAVE_CONFIG_H -I. -I../.. -I../../dc1394 -Wall -Wunused -std=gnu99 -Wall -Wextra -Wno-unused-parameter -Wall -Wextra -Wno-unused-parameter -O0 -ggdb -MT control.lo -MD -MP -MF .deps/control.Tpo -c control.c  -fPIC -DPIC -o .libs/control.o
capture.c: In function 'dc1394_juju_capture_setup':
capture.c:187: warning: comparison between signed and unsigned
capture.c:200: warning: comparison between signed and unsigned
capture.c:233: warning: comparison between signed and unsigned
libtool: compile:  x86_64-pc-linux-gnu-gcc -DHAVE_CONFIG_H -I. -I../.. -I../../dc1394 -Wall -Wunused -std=gnu99 -Wall -Wextra -Wno-unused-parameter -Wall -Wextra -Wno-unused-parameter -O0 -ggdb -MT capture.lo -MD -MP -MF .deps/capture.Tpo -c capture.c -o capture.o >/dev/null 2>&1
control.c: In function 'dc1394_juju_get_device_list':
control.c:148: warning: comparison between signed and unsigned
control.c: In function '_juju_await_response':
control.c:267: warning: comparison between signed and unsigned
control.c: In function 'do_transaction':
control.c:283: warning: comparison between signed and unsigned
libtool: compile:  x86_64-pc-linux-gnu-gcc -DHAVE_CONFIG_H -I. -I../.. -I../../dc1394 -Wall -Wunused -std=gnu99 -Wall -Wextra -Wno-unused-parameter -Wall -Wextra -Wno-unused-parameter -O0 -ggdb -MT control.lo -MD -MP -MF .deps/control.Tpo -c control.c -o control.o >/dev/null 2>&1
mv -f .deps/capture.Tpo .deps/capture.Plo
mv -f .deps/control.Tpo .deps/control.Plo
/bin/sh ../../libtool --tag=CC   --mode=link x86_64-pc-linux-gnu-gcc -I../../dc1394 -Wall -Wunused -std=gnu99 -Wall -Wextra -Wno-unused-parameter -Wall -Wextra -Wno-unused-parameter -O0 -ggdb  -Wl,-O1 -o libdc1394-juju.la  control.lo capture.lo  -lm 
libtool: link: x86_64-pc-linux-gnu-ar cru .libs/libdc1394-juju.a .libs/control.o .libs/capture.o 
libtool: link: x86_64-pc-linux-gnu-ranlib .libs/libdc1394-juju.a
libtool: link: ( cd ".libs" && rm -f "libdc1394-juju.la" && ln -s "../libdc1394-juju.la" "libdc1394-juju.la" )
make[3]: Leaving directory `/var/tmp/portage/media-libs/libdc1394-2.1.0/work/libdc1394-2.1.0/dc1394/juju'
Making all in macosx
make[3]: Entering directory `/var/tmp/portage/media-libs/libdc1394-2.1.0/work/libdc1394-2.1.0/dc1394/macosx'
make[3]: Nothing to be done for `all'.
make[3]: Leaving directory `/var/tmp/portage/media-libs/libdc1394-2.1.0/work/libdc1394-2.1.0/dc1394/macosx'
Making all in msw
make[3]: Entering directory `/var/tmp/portage/media-libs/libdc1394-2.1.0/work/libdc1394-2.1.0/dc1394/msw'
make[3]: Nothing to be done for `all'.
make[3]: Leaving directory `/var/tmp/portage/media-libs/libdc1394-2.1.0/work/libdc1394-2.1.0/dc1394/msw'
Making all in usb
make[3]: Entering directory `/var/tmp/portage/media-libs/libdc1394-2.1.0/work/libdc1394-2.1.0/dc1394/usb'
make[3]: Nothing to be done for `all'.
make[3]: Leaving directory `/var/tmp/portage/media-libs/libdc1394-2.1.0/work/libdc1394-2.1.0/dc1394/usb'
Making all in vendor
make[3]: Entering directory `/var/tmp/portage/media-libs/libdc1394-2.1.0/work/libdc1394-2.1.0/dc1394/vendor'
/bin/sh ../../libtool --tag=CC   --mode=compile x86_64-pc-linux-gnu-gcc -DHAVE_CONFIG_H -I. -I../..    -I../.. -I./.. -Wall -Wunused -std=gnu99 -Wall -Wextra -Wno-unused-parameter -Wall -Wextra -Wno-unused-parameter -O0 -ggdb -MT avt.lo -MD -MP -MF .deps/avt.Tpo -c -o avt.lo avt.c
/bin/sh ../../libtool --tag=CC   --mode=compile x86_64-pc-linux-gnu-gcc -DHAVE_CONFIG_H -I. -I../..    -I../.. -I./.. -Wall -Wunused -std=gnu99 -Wall -Wextra -Wno-unused-parameter -Wall -Wextra -Wno-unused-parameter -O0 -ggdb -MT pixelink.lo -MD -MP -MF .deps/pixelink.Tpo -c -o pixelink.lo pixelink.c
/bin/sh ../../libtool --tag=CC   --mode=compile x86_64-pc-linux-gnu-gcc -DHAVE_CONFIG_H -I. -I../..    -I../.. -I./.. -Wall -Wunused -std=gnu99 -Wall -Wextra -Wno-unused-parameter -Wall -Wextra -Wno-unused-parameter -O0 -ggdb -MT basler.lo -MD -MP -MF .deps/basler.Tpo -c -o basler.lo basler.c
/bin/sh ../../libtool --tag=CC   --mode=compile x86_64-pc-linux-gnu-gcc -DHAVE_CONFIG_H -I. -I../..    -I../.. -I./.. -Wall -Wunused -std=gnu99 -Wall -Wextra -Wno-unused-parameter -Wall -Wextra -Wno-unused-parameter -O0 -ggdb -MT basler_sff_registry.lo -MD -MP -MF .deps/basler_sff_registry.Tpo -c -o basler_sff_registry.lo basler_sff_registry.c
libtool: compile:  x86_64-pc-linux-gnu-gcc -DHAVE_CONFIG_H -I. -I../.. -I../.. -I./.. -Wall -Wunused -std=gnu99 -Wall -Wextra -Wno-unused-parameter -Wall -Wextra -Wno-unused-parameter -O0 -ggdb -MT basler.lo -MD -MP -MF .deps/basler.Tpo -c basler.c  -fPIC -DPIC -o .libs/basler.o
libtool: compile:  x86_64-pc-linux-gnu-gcc -DHAVE_CONFIG_H -I. -I../.. -I../.. -I./.. -Wall -Wunused -std=gnu99 -Wall -Wextra -Wno-unused-parameter -Wall -Wextra -Wno-unused-parameter -O0 -ggdb -MT basler_sff_registry.lo -MD -MP -MF .deps/basler_sff_registry.Tpo -c basler_sff_registry.c  -fPIC -DPIC -o .libs/basler_sff_registry.o
libtool: compile:  x86_64-pc-linux-gnu-gcc -DHAVE_CONFIG_H -I. -I../.. -I../.. -I./.. -Wall -Wunused -std=gnu99 -Wall -Wextra -Wno-unused-parameter -Wall -Wextra -Wno-unused-parameter -O0 -ggdb -MT avt.lo -MD -MP -MF .deps/avt.Tpo -c avt.c  -fPIC -DPIC -o .libs/avt.o
libtool: compile:  x86_64-pc-linux-gnu-gcc -DHAVE_CONFIG_H -I. -I../.. -I../.. -I./.. -Wall -Wunused -std=gnu99 -Wall -Wextra -Wno-unused-parameter -Wall -Wextra -Wno-unused-parameter -O0 -ggdb -MT pixelink.lo -MD -MP -MF .deps/pixelink.Tpo -c pixelink.c  -fPIC -DPIC -o .libs/pixelink.o
basler.c: In function 'dc1394_basler_sff_chunk_iterate':
basler.c:415: warning: comparison between signed and unsigned
libtool: compile:  x86_64-pc-linux-gnu-gcc -DHAVE_CONFIG_H -I. -I../.. -I../.. -I./.. -Wall -Wunused -std=gnu99 -Wall -Wextra -Wno-unused-parameter -Wall -Wextra -Wno-unused-parameter -O0 -ggdb -MT basler.lo -MD -MP -MF .deps/basler.Tpo -c basler.c -o basler.o >/dev/null 2>&1
libtool: compile:  x86_64-pc-linux-gnu-gcc -DHAVE_CONFIG_H -I. -I../.. -I../.. -I./.. -Wall -Wunused -std=gnu99 -Wall -Wextra -Wno-unused-parameter -Wall -Wextra -Wno-unused-parameter -O0 -ggdb -MT pixelink.lo -MD -MP -MF .deps/pixelink.Tpo -c pixelink.c -o pixelink.o >/dev/null 2>&1
mv -f .deps/basler.Tpo .deps/basler.Plo
basler_sff_registry.c: In function 'basler_sff_registry_find_by_id':
basler_sff_registry.c:182: warning: comparison of unsigned expression < 0 is always false
libtool: compile:  x86_64-pc-linux-gnu-gcc -DHAVE_CONFIG_H -I. -I../.. -I../.. -I./.. -Wall -Wunused -std=gnu99 -Wall -Wextra -Wno-unused-parameter -Wall -Wextra -Wno-unused-parameter -O0 -ggdb -MT basler_sff_registry.lo -MD -MP -MF .deps/basler_sff_registry.Tpo -c basler_sff_registry.c -o basler_sff_registry.o >/dev/null 2>&1
libtool: compile:  x86_64-pc-linux-gnu-gcc -DHAVE_CONFIG_H -I. -I../.. -I../.. -I./.. -Wall -Wunused -std=gnu99 -Wall -Wextra -Wno-unused-parameter -Wall -Wextra -Wno-unused-parameter -O0 -ggdb -MT avt.lo -MD -MP -MF .deps/avt.Tpo -c avt.c -o avt.o >/dev/null 2>&1
mv -f .deps/pixelink.Tpo .deps/pixelink.Plo
mv -f .deps/basler_sff_registry.Tpo .deps/basler_sff_registry.Plo
mv -f .deps/avt.Tpo .deps/avt.Plo
/bin/sh ../../libtool --tag=CC   --mode=link x86_64-pc-linux-gnu-gcc -I../.. -I./.. -Wall -Wunused -std=gnu99 -Wall -Wextra -Wno-unused-parameter -Wall -Wextra -Wno-unused-parameter -O0 -ggdb  -Wl,-O1 -o libdc1394-vendor.la  avt.lo pixelink.lo basler.lo basler_sff_registry.lo  -lm 
libtool: link: x86_64-pc-linux-gnu-ar cru .libs/libdc1394-vendor.a .libs/avt.o .libs/pixelink.o .libs/basler.o .libs/basler_sff_registry.o 
libtool: link: x86_64-pc-linux-gnu-ranlib .libs/libdc1394-vendor.a
libtool: link: ( cd ".libs" && rm -f "libdc1394-vendor.la" && ln -s "../libdc1394-vendor.la" "libdc1394-vendor.la" )
make[3]: Leaving directory `/var/tmp/portage/media-libs/libdc1394-2.1.0/work/libdc1394-2.1.0/dc1394/vendor'
make[3]: Entering directory `/var/tmp/portage/media-libs/libdc1394-2.1.0/work/libdc1394-2.1.0/dc1394'
/bin/sh ../libtool --tag=CC   --mode=compile x86_64-pc-linux-gnu-gcc -DHAVE_CONFIG_H -I. -I..     -I.. -Wall -Wunused -std=gnu99 -Wall -Wextra -Wno-unused-parameter -Wall -Wextra -Wno-unused-parameter -O0 -ggdb -MT control.lo -MD -MP -MF .deps/control.Tpo -c -o control.lo control.c
/bin/sh ../libtool --tag=CC   --mode=compile x86_64-pc-linux-gnu-gcc -DHAVE_CONFIG_H -I. -I..     -I.. -Wall -Wunused -std=gnu99 -Wall -Wextra -Wno-unused-parameter -Wall -Wextra -Wno-unused-parameter -O0 -ggdb -MT enumeration.lo -MD -MP -MF .deps/enumeration.Tpo -c -o enumeration.lo enumeration.c
/bin/sh ../libtool --tag=CC   --mode=compile x86_64-pc-linux-gnu-gcc -DHAVE_CONFIG_H -I. -I..     -I.. -Wall -Wunused -std=gnu99 -Wall -Wextra -Wno-unused-parameter -Wall -Wextra -Wno-unused-parameter -O0 -ggdb -MT capture.lo -MD -MP -MF .deps/capture.Tpo -c -o capture.lo capture.c
/bin/sh ../libtool --tag=CC   --mode=compile x86_64-pc-linux-gnu-gcc -DHAVE_CONFIG_H -I. -I..     -I.. -Wall -Wunused -std=gnu99 -Wall -Wextra -Wno-unused-parameter -Wall -Wextra -Wno-unused-parameter -O0 -ggdb -MT format7.lo -MD -MP -MF .deps/format7.Tpo -c -o format7.lo format7.c
libtool: compile:  x86_64-pc-linux-gnu-gcc -DHAVE_CONFIG_H -I. -I.. -I.. -Wall -Wunused -std=gnu99 -Wall -Wextra -Wno-unused-parameter -Wall -Wextra -Wno-unused-parameter -O0 -ggdb -MT format7.lo -MD -MP -MF .deps/format7.Tpo -c format7.c  -fPIC -DPIC -o .libs/format7.o
libtool: compile:  x86_64-pc-linux-gnu-gcc -DHAVE_CONFIG_H -I. -I.. -I.. -Wall -Wunused -std=gnu99 -Wall -Wextra -Wno-unused-parameter -Wall -Wextra -Wno-unused-parameter -O0 -ggdb -MT enumeration.lo -MD -MP -MF .deps/enumeration.Tpo -c enumeration.c  -fPIC -DPIC -o .libs/enumeration.o
libtool: compile:  x86_64-pc-linux-gnu-gcc -DHAVE_CONFIG_H -I. -I.. -I.. -Wall -Wunused -std=gnu99 -Wall -Wextra -Wno-unused-parameter -Wall -Wextra -Wno-unused-parameter -O0 -ggdb -MT capture.lo -MD -MP -MF .deps/capture.Tpo -c capture.c  -fPIC -DPIC -o .libs/capture.o
format7.c: In function 'dc1394_format7_get_modeset':
format7.c:755: warning: comparison between signed and unsigned
format7.c: In function 'dc1394_format7_set_roi':
format7.c:788: warning: comparison between signed and unsigned
format7.c:793: warning: comparison of unsigned expression < 0 is always false
format7.c:911: warning: comparison between signed and unsigned
format7.c:915: warning: comparison between signed and unsigned
libtool: compile:  x86_64-pc-linux-gnu-gcc -DHAVE_CONFIG_H -I. -I.. -I.. -Wall -Wunused -std=gnu99 -Wall -Wextra -Wno-unused-parameter -Wall -Wextra -Wno-unused-parameter -O0 -ggdb -MT control.lo -MD -MP -MF .deps/control.Tpo -c control.c  -fPIC -DPIC -o .libs/control.o
libtool: compile:  x86_64-pc-linux-gnu-gcc -DHAVE_CONFIG_H -I. -I.. -I.. -Wall -Wunused -std=gnu99 -Wall -Wextra -Wno-unused-parameter -Wall -Wextra -Wno-unused-parameter -O0 -ggdb -MT format7.lo -MD -MP -MF .deps/format7.Tpo -c format7.c -o format7.o >/dev/null 2>&1
libtool: compile:  x86_64-pc-linux-gnu-gcc -DHAVE_CONFIG_H -I. -I.. -I.. -Wall -Wunused -std=gnu99 -Wall -Wextra -Wno-unused-parameter -Wall -Wextra -Wno-unused-parameter -O0 -ggdb -MT capture.lo -MD -MP -MF .deps/capture.Tpo -c capture.c -o capture.o >/dev/null 2>&1
enumeration.c: In function 'parse_leaf':
enumeration.c:69: warning: comparison between signed and unsigned
enumeration.c:72: warning: comparison between signed and unsigned
enumeration.c: In function 'identify_unit':
enumeration.c:95: warning: comparison between signed and unsigned
enumeration.c:98: warning: comparison between signed and unsigned
enumeration.c:152: warning: comparison between signed and unsigned
enumeration.c:155: warning: comparison between signed and unsigned
libtool: compile:  x86_64-pc-linux-gnu-gcc -DHAVE_CONFIG_H -I. -I.. -I.. -Wall -Wunused -std=gnu99 -Wall -Wextra -Wno-unused-parameter -Wall -Wextra -Wno-unused-parameter -O0 -ggdb -MT enumeration.lo -MD -MP -MF .deps/enumeration.Tpo -c enumeration.c -o enumeration.o >/dev/null 2>&1
control.c: In function 'dc1394_feature_print':
control.c:364: warning: comparison between signed and unsigned
control.c:414: warning: comparison between signed and unsigned
control.c:424: warning: comparison between signed and unsigned
control.c: In function 'dc1394_video_get_iso_speed':
control.c:752: warning: comparison of unsigned expression < 0 is always false
control.c:757: warning: comparison of unsigned expression < 0 is always false
control.c:763: warning: comparison of unsigned expression < 0 is always false
control.c: In function 'dc1394_video_set_iso_speed':
control.c:777: warning: comparison of unsigned expression < 0 is always false
control.c: In function 'dc1394_camera_new_unit':
control.c:2099: warning: comparison between signed and unsigned
libtool: compile:  x86_64-pc-linux-gnu-gcc -DHAVE_CONFIG_H -I. -I.. -I.. -Wall -Wunused -std=gnu99 -Wall -Wextra -Wno-unused-parameter -Wall -Wextra -Wno-unused-parameter -O0 -ggdb -MT control.lo -MD -MP -MF .deps/control.Tpo -c control.c -o control.o >/dev/null 2>&1
mv -f .deps/format7.Tpo .deps/format7.Plo
/bin/sh ../libtool --tag=CC   --mode=compile x86_64-pc-linux-gnu-gcc -DHAVE_CONFIG_H -I. -I..     -I.. -Wall -Wunused -std=gnu99 -Wall -Wextra -Wno-unused-parameter -Wall -Wextra -Wno-unused-parameter -O0 -ggdb -MT register.lo -MD -MP -MF .deps/register.Tpo -c -o register.lo register.c
mv -f .deps/enumeration.Tpo .deps/enumeration.Plo
/bin/sh ../libtool --tag=CC   --mode=compile x86_64-pc-linux-gnu-gcc -DHAVE_CONFIG_H -I. -I..     -I.. -Wall -Wunused -std=gnu99 -Wall -Wextra -Wno-unused-parameter -Wall -Wextra -Wno-unused-parameter -O0 -ggdb -MT utils.lo -MD -MP -MF .deps/utils.Tpo -c -o utils.lo utils.c
mv -f .deps/capture.Tpo .deps/capture.Plo
mv -f .deps/control.Tpo .deps/control.Plo
/bin/sh ../libtool --tag=CC   --mode=compile x86_64-pc-linux-gnu-gcc -DHAVE_CONFIG_H -I. -I..     -I.. -Wall -Wunused -std=gnu99 -Wall -Wextra -Wno-unused-parameter -Wall -Wextra -Wno-unused-parameter -O0 -ggdb -MT internal.lo -MD -MP -MF .deps/internal.Tpo -c -o internal.lo internal.c
/bin/sh ../libtool --tag=CC   --mode=compile x86_64-pc-linux-gnu-gcc -DHAVE_CONFIG_H -I. -I..     -I.. -Wall -Wunused -std=gnu99 -Wall -Wextra -Wno-unused-parameter -Wall -Wextra -Wno-unused-parameter -O0 -ggdb -MT conversions.lo -MD -MP -MF .deps/conversions.Tpo -c -o conversions.lo conversions.c
libtool: compile:  x86_64-pc-linux-gnu-gcc -DHAVE_CONFIG_H -I. -I.. -I.. -Wall -Wunused -std=gnu99 -Wall -Wextra -Wno-unused-parameter -Wall -Wextra -Wno-unused-parameter -O0 -ggdb -MT register.lo -MD -MP -MF .deps/register.Tpo -c register.c  -fPIC -DPIC -o .libs/register.o
libtool: compile:  x86_64-pc-linux-gnu-gcc -DHAVE_CONFIG_H -I. -I.. -I.. -Wall -Wunused -std=gnu99 -Wall -Wextra -Wno-unused-parameter -Wall -Wextra -Wno-unused-parameter -O0 -ggdb -MT utils.lo -MD -MP -MF .deps/utils.Tpo -c utils.c  -fPIC -DPIC -o .libs/utils.o
libtool: compile:  x86_64-pc-linux-gnu-gcc -DHAVE_CONFIG_H -I. -I.. -I.. -Wall -Wunused -std=gnu99 -Wall -Wextra -Wno-unused-parameter -Wall -Wextra -Wno-unused-parameter -O0 -ggdb -MT utils.lo -MD -MP -MF .deps/utils.Tpo -c utils.c -o utils.o >/dev/null 2>&1
libtool: compile:  x86_64-pc-linux-gnu-gcc -DHAVE_CONFIG_H -I. -I.. -I.. -Wall -Wunused -std=gnu99 -Wall -Wextra -Wno-unused-parameter -Wall -Wextra -Wno-unused-parameter -O0 -ggdb -MT register.lo -MD -MP -MF .deps/register.Tpo -c register.c -o register.o >/dev/null 2>&1
libtool: compile:  x86_64-pc-linux-gnu-gcc -DHAVE_CONFIG_H -I. -I.. -I.. -Wall -Wunused -std=gnu99 -Wall -Wextra -Wno-unused-parameter -Wall -Wextra -Wno-unused-parameter -O0 -ggdb -MT conversions.lo -MD -MP -MF .deps/conversions.Tpo -c conversions.c  -fPIC -DPIC -o .libs/conversions.o
libtool: compile:  x86_64-pc-linux-gnu-gcc -DHAVE_CONFIG_H -I. -I.. -I.. -Wall -Wunused -std=gnu99 -Wall -Wextra -Wno-unused-parameter -Wall -Wextra -Wno-unused-parameter -O0 -ggdb -MT internal.lo -MD -MP -MF .deps/internal.Tpo -c internal.c  -fPIC -DPIC -o .libs/internal.o
mv -f .deps/utils.Tpo .deps/utils.Plo
/bin/sh ../libtool --tag=CC   --mode=compile x86_64-pc-linux-gnu-gcc -DHAVE_CONFIG_H -I. -I..     -I.. -Wall -Wunused -std=gnu99 -Wall -Wextra -Wno-unused-parameter -Wall -Wextra -Wno-unused-parameter -O0 -ggdb -MT bayer.lo -MD -MP -MF .deps/bayer.Tpo -c -o bayer.lo bayer.c
libtool: compile:  x86_64-pc-linux-gnu-gcc -DHAVE_CONFIG_H -I. -I.. -I.. -Wall -Wunused -std=gnu99 -Wall -Wextra -Wno-unused-parameter -Wall -Wextra -Wno-unused-parameter -O0 -ggdb -MT conversions.lo -MD -MP -MF .deps/conversions.Tpo -c conversions.c -o conversions.o >/dev/null 2>&1
libtool: compile:  x86_64-pc-linux-gnu-gcc -DHAVE_CONFIG_H -I. -I.. -I.. -Wall -Wunused -std=gnu99 -Wall -Wextra -Wno-unused-parameter -Wall -Wextra -Wno-unused-parameter -O0 -ggdb -MT internal.lo -MD -MP -MF .deps/internal.Tpo -c internal.c -o internal.o >/dev/null 2>&1
mv -f .deps/register.Tpo .deps/register.Plo
mv -f .deps/conversions.Tpo .deps/conversions.Plo
/bin/sh ../libtool --tag=CC   --mode=compile x86_64-pc-linux-gnu-gcc -DHAVE_CONFIG_H -I. -I..     -I.. -Wall -Wunused -std=gnu99 -Wall -Wextra -Wno-unused-parameter -Wall -Wextra -Wno-unused-parameter -O0 -ggdb -MT log.lo -MD -MP -MF .deps/log.Tpo -c -o log.lo log.c
/bin/sh ../libtool --tag=CC   --mode=compile x86_64-pc-linux-gnu-gcc -DHAVE_CONFIG_H -I. -I..     -I.. -Wall -Wunused -std=gnu99 -Wall -Wextra -Wno-unused-parameter -Wall -Wextra -Wno-unused-parameter -O0 -ggdb -MT iso.lo -MD -MP -MF .deps/iso.Tpo -c -o iso.lo iso.c
mv -f .deps/internal.Tpo .deps/internal.Plo
libtool: compile:  x86_64-pc-linux-gnu-gcc -DHAVE_CONFIG_H -I. -I.. -I.. -Wall -Wunused -std=gnu99 -Wall -Wextra -Wno-unused-parameter -Wall -Wextra -Wno-unused-parameter -O0 -ggdb -MT bayer.lo -MD -MP -MF .deps/bayer.Tpo -c bayer.c  -fPIC -DPIC -o .libs/bayer.o
libtool: compile:  x86_64-pc-linux-gnu-gcc -DHAVE_CONFIG_H -I. -I.. -I.. -Wall -Wunused -std=gnu99 -Wall -Wextra -Wno-unused-parameter -Wall -Wextra -Wno-unused-parameter -O0 -ggdb -MT iso.lo -MD -MP -MF .deps/iso.Tpo -c iso.c  -fPIC -DPIC -o .libs/iso.o
bayer.c: In function 'dc1394_bayer_VNG':
bayer.c:1375: warning: comparison between signed and unsigned
bayer.c:1376: warning: comparison between signed and unsigned
bayer.c:1376: warning: comparison between signed and unsigned
bayer.c:1390: warning: comparison between signed and unsigned
bayer.c:1390: warning: comparison between signed and unsigned
bayer.c: In function 'dc1394_bayer_VNG_uint16':
bayer.c:1502: warning: comparison between signed and unsigned
bayer.c:1503: warning: comparison between signed and unsigned
bayer.c:1503: warning: comparison between signed and unsigned
bayer.c:1517: warning: comparison between signed and unsigned
bayer.c:1517: warning: comparison between signed and unsigned
bayer.c: In function 'dc1394_bayer_AHD':
bayer.c:1692: warning: comparison between signed and unsigned
bayer.c:1693: warning: comparison between signed and unsigned
bayer.c:1694: warning: comparison between signed and unsigned
bayer.c:1694: warning: comparison between signed and unsigned
bayer.c:1694: warning: comparison between signed and unsigned
bayer.c:1699: warning: comparison between signed and unsigned
bayer.c:1699: warning: comparison between signed and unsigned
bayer.c: In function 'dc1394_bayer_AHD_uint16':
bayer.c:1866: warning: comparison between signed and unsigned
bayer.c:1867: warning: comparison between signed and unsigned
bayer.c:1868: warning: comparison between signed and unsigned
bayer.c:1868: warning: comparison between signed and unsigned
bayer.c:1868: warning: comparison between signed and unsigned
bayer.c:1873: warning: comparison between signed and unsigned
bayer.c:1873: warning: comparison between signed and unsigned
bayer.c: In function 'dc1394_debayer_frames':
bayer.c:2119: warning: comparison of unsigned expression < 0 is always false
libtool: compile:  x86_64-pc-linux-gnu-gcc -DHAVE_CONFIG_H -I. -I.. -I.. -Wall -Wunused -std=gnu99 -Wall -Wextra -Wno-unused-parameter -Wall -Wextra -Wno-unused-parameter -O0 -ggdb -MT bayer.lo -MD -MP -MF .deps/bayer.Tpo -c bayer.c -o bayer.o >/dev/null 2>&1
libtool: compile:  x86_64-pc-linux-gnu-gcc -DHAVE_CONFIG_H -I. -I.. -I.. -Wall -Wunused -std=gnu99 -Wall -Wextra -Wno-unused-parameter -Wall -Wextra -Wno-unused-parameter -O0 -ggdb -MT log.lo -MD -MP -MF .deps/log.Tpo -c log.c  -fPIC -DPIC -o .libs/log.o
libtool: compile:  x86_64-pc-linux-gnu-gcc -DHAVE_CONFIG_H -I. -I.. -I.. -Wall -Wunused -std=gnu99 -Wall -Wextra -Wno-unused-parameter -Wall -Wextra -Wno-unused-parameter -O0 -ggdb -MT iso.lo -MD -MP -MF .deps/iso.Tpo -c iso.c -o iso.o >/dev/null 2>&1
mv -f .deps/iso.Tpo .deps/iso.Plo
mv -f .deps/bayer.Tpo .deps/bayer.Plo
libtool: compile:  x86_64-pc-linux-gnu-gcc -DHAVE_CONFIG_H -I. -I.. -I.. -Wall -Wunused -std=gnu99 -Wall -Wextra -Wno-unused-parameter -Wall -Wextra -Wno-unused-parameter -O0 -ggdb -MT log.lo -MD -MP -MF .deps/log.Tpo -c log.c -o log.o >/dev/null 2>&1
mv -f .deps/log.Tpo .deps/log.Plo
/bin/sh ../libtool --tag=CC   --mode=link x86_64-pc-linux-gnu-gcc  -I.. -Wall -Wunused -std=gnu99 -Wall -Wextra -Wno-unused-parameter -Wall -Wextra -Wno-unused-parameter -O0 -ggdb  -version-info 23:2:1 -Wl,-O1 -o libdc1394.la -rpath /usr/lib64 control.lo enumeration.lo capture.lo format7.lo register.lo utils.lo internal.lo conversions.lo bayer.lo log.lo iso.lo linux/libdc1394-linux.la juju/libdc1394-juju.la    vendor/libdc1394-vendor.la -lm 
libtool: link: x86_64-pc-linux-gnu-gcc -shared  .libs/control.o .libs/enumeration.o .libs/capture.o .libs/format7.o .libs/register.o .libs/utils.o .libs/internal.o .libs/conversions.o .libs/bayer.o .libs/log.o .libs/iso.o  -Wl,--whole-archive linux/.libs/libdc1394-linux.a juju/.libs/libdc1394-juju.a vendor/.libs/libdc1394-vendor.a -Wl,--no-whole-archive  /usr/lib64/libraw1394.so -lm  -Wl,-O1   -Wl,-soname -Wl,libdc1394.so.22 -o .libs/libdc1394.so.22.1.2
libtool: link: (cd ".libs" && rm -f "libdc1394.so.22" && ln -s "libdc1394.so.22.1.2" "libdc1394.so.22")
libtool: link: (cd ".libs" && rm -f "libdc1394.so" && ln -s "libdc1394.so.22.1.2" "libdc1394.so")
libtool: link: (cd .libs/libdc1394.lax/libdc1394-linux.a && x86_64-pc-linux-gnu-ar x "/var/tmp/portage/media-libs/libdc1394-2.1.0/work/libdc1394-2.1.0/dc1394/linux/.libs/libdc1394-linux.a")
libtool: link: (cd .libs/libdc1394.lax/libdc1394-juju.a && x86_64-pc-linux-gnu-ar x "/var/tmp/portage/media-libs/libdc1394-2.1.0/work/libdc1394-2.1.0/dc1394/juju/.libs/libdc1394-juju.a")
libtool: link: (cd .libs/libdc1394.lax/libdc1394-vendor.a && x86_64-pc-linux-gnu-ar x "/var/tmp/portage/media-libs/libdc1394-2.1.0/work/libdc1394-2.1.0/dc1394/vendor/.libs/libdc1394-vendor.a")
copying selected object files to avoid basename conflicts...
libtool: link: ln .libs/libdc1394.lax/libdc1394-linux.a/capture.o .libs/libdc1394.lax/lt1-capture.o || cp .libs/libdc1394.lax/libdc1394-linux.a/capture.o .libs/libdc1394.lax/lt1-capture.o
libtool: link: ln .libs/libdc1394.lax/libdc1394-linux.a/control.o .libs/libdc1394.lax/lt2-control.o || cp .libs/libdc1394.lax/libdc1394-linux.a/control.o .libs/libdc1394.lax/lt2-control.o
libtool: link: ln .libs/libdc1394.lax/libdc1394-juju.a/capture.o .libs/libdc1394.lax/lt3-capture.o || cp .libs/libdc1394.lax/libdc1394-juju.a/capture.o .libs/libdc1394.lax/lt3-capture.o
libtool: link: ln .libs/libdc1394.lax/libdc1394-juju.a/control.o .libs/libdc1394.lax/lt4-control.o || cp .libs/libdc1394.lax/libdc1394-juju.a/control.o .libs/libdc1394.lax/lt4-control.o
libtool: link: x86_64-pc-linux-gnu-ar cru .libs/libdc1394.a control.o enumeration.o capture.o format7.o register.o utils.o internal.o conversions.o bayer.o log.o iso.o .libs/libdc1394.lax/lt1-capture.o .libs/libdc1394.lax/lt2-control.o .libs/libdc1394.lax/lt3-capture.o .libs/libdc1394.lax/lt4-control.o .libs/libdc1394.lax/libdc1394-vendor.a/basler_sff_registry.o .libs/libdc1394.lax/libdc1394-vendor.a/avt.o .libs/libdc1394.lax/libdc1394-vendor.a/pixelink.o .libs/libdc1394.lax/libdc1394-vendor.a/basler.o
libtool: link: x86_64-pc-linux-gnu-ranlib .libs/libdc1394.a
libtool: link: rm -fr .libs/libdc1394.lax .libs/libdc1394.lax
libtool: link: ( cd ".libs" && rm -f "libdc1394.la" && ln -s "../libdc1394.la" "libdc1394.la" )
make[3]: Leaving directory `/var/tmp/portage/media-libs/libdc1394-2.1.0/work/libdc1394-2.1.0/dc1394'
make[2]: Leaving directory `/var/tmp/portage/media-libs/libdc1394-2.1.0/work/libdc1394-2.1.0/dc1394'
make[2]: Entering directory `/var/tmp/portage/media-libs/libdc1394-2.1.0/work/libdc1394-2.1.0'
make[2]: Nothing to be done for `all-am'.
make[2]: Leaving directory `/var/tmp/portage/media-libs/libdc1394-2.1.0/work/libdc1394-2.1.0'
make[1]: Leaving directory `/var/tmp/portage/media-libs/libdc1394-2.1.0/work/libdc1394-2.1.0'
>>> Source compiled.
>>> Test phase [not enabled]: media-libs/libdc1394-2.1.0

>>> Install libdc1394-2.1.0 into /var/tmp/portage/media-libs/libdc1394-2.1.0/image/ category media-libs
make -j4 DESTDIR=/var/tmp/portage/media-libs/libdc1394-2.1.0/image/ install 
Making install in dc1394
make[1]: Entering directory `/var/tmp/portage/media-libs/libdc1394-2.1.0/work/libdc1394-2.1.0/dc1394'
Making install in linux
make[2]: Entering directory `/var/tmp/portage/media-libs/libdc1394-2.1.0/work/libdc1394-2.1.0/dc1394/linux'
make[3]: Entering directory `/var/tmp/portage/media-libs/libdc1394-2.1.0/work/libdc1394-2.1.0/dc1394/linux'
make[3]: Nothing to be done for `install-exec-am'.
test -z "/usr/include/dc1394/linux" || /bin/mkdir -p "/var/tmp/portage/media-libs/libdc1394-2.1.0/image//usr/include/dc1394/linux"
 /usr/bin/install -c -m 644 'capture.h' '/var/tmp/portage/media-libs/libdc1394-2.1.0/image//usr/include/dc1394/linux/capture.h'
 /usr/bin/install -c -m 644 'control.h' '/var/tmp/portage/media-libs/libdc1394-2.1.0/image//usr/include/dc1394/linux/control.h'
make[3]: Leaving directory `/var/tmp/portage/media-libs/libdc1394-2.1.0/work/libdc1394-2.1.0/dc1394/linux'
make[2]: Leaving directory `/var/tmp/portage/media-libs/libdc1394-2.1.0/work/libdc1394-2.1.0/dc1394/linux'
Making install in juju
make[2]: Entering directory `/var/tmp/portage/media-libs/libdc1394-2.1.0/work/libdc1394-2.1.0/dc1394/juju'
make[3]: Entering directory `/var/tmp/portage/media-libs/libdc1394-2.1.0/work/libdc1394-2.1.0/dc1394/juju'
make[3]: Nothing to be done for `install-exec-am'.
test -z "/usr/include/dc1394/juju" || /bin/mkdir -p "/var/tmp/portage/media-libs/libdc1394-2.1.0/image//usr/include/dc1394/juju"
make[3]: Leaving directory `/var/tmp/portage/media-libs/libdc1394-2.1.0/work/libdc1394-2.1.0/dc1394/juju'
make[2]: Leaving directory `/var/tmp/portage/media-libs/libdc1394-2.1.0/work/libdc1394-2.1.0/dc1394/juju'
Making install in macosx
make[2]: Entering directory `/var/tmp/portage/media-libs/libdc1394-2.1.0/work/libdc1394-2.1.0/dc1394/macosx'
make[3]: Entering directory `/var/tmp/portage/media-libs/libdc1394-2.1.0/work/libdc1394-2.1.0/dc1394/macosx'
make[3]: Nothing to be done for `install-exec-am'.
test -z "/usr/include/dc1394/macosx" || /bin/mkdir -p "/var/tmp/portage/media-libs/libdc1394-2.1.0/image//usr/include/dc1394/macosx"
make[3]: Leaving directory `/var/tmp/portage/media-libs/libdc1394-2.1.0/work/libdc1394-2.1.0/dc1394/macosx'
make[2]: Leaving directory `/var/tmp/portage/media-libs/libdc1394-2.1.0/work/libdc1394-2.1.0/dc1394/macosx'
Making install in msw
make[2]: Entering directory `/var/tmp/portage/media-libs/libdc1394-2.1.0/work/libdc1394-2.1.0/dc1394/msw'
make[3]: Entering directory `/var/tmp/portage/media-libs/libdc1394-2.1.0/work/libdc1394-2.1.0/dc1394/msw'
make[3]: Nothing to be done for `install-exec-am'.
make[3]: Nothing to be done for `install-data-am'.
make[3]: Leaving directory `/var/tmp/portage/media-libs/libdc1394-2.1.0/work/libdc1394-2.1.0/dc1394/msw'
make[2]: Leaving directory `/var/tmp/portage/media-libs/libdc1394-2.1.0/work/libdc1394-2.1.0/dc1394/msw'
Making install in usb
make[2]: Entering directory `/var/tmp/portage/media-libs/libdc1394-2.1.0/work/libdc1394-2.1.0/dc1394/usb'
make[3]: Entering directory `/var/tmp/portage/media-libs/libdc1394-2.1.0/work/libdc1394-2.1.0/dc1394/usb'
make[3]: Nothing to be done for `install-exec-am'.
test -z "/usr/include/dc1394/usb" || /bin/mkdir -p "/var/tmp/portage/media-libs/libdc1394-2.1.0/image//usr/include/dc1394/usb"
make[3]: Leaving directory `/var/tmp/portage/media-libs/libdc1394-2.1.0/work/libdc1394-2.1.0/dc1394/usb'
make[2]: Leaving directory `/var/tmp/portage/media-libs/libdc1394-2.1.0/work/libdc1394-2.1.0/dc1394/usb'
Making install in vendor
make[2]: Entering directory `/var/tmp/portage/media-libs/libdc1394-2.1.0/work/libdc1394-2.1.0/dc1394/vendor'
make[3]: Entering directory `/var/tmp/portage/media-libs/libdc1394-2.1.0/work/libdc1394-2.1.0/dc1394/vendor'
make[3]: Nothing to be done for `install-exec-am'.
test -z "/usr/include/dc1394/vendor" || /bin/mkdir -p "/var/tmp/portage/media-libs/libdc1394-2.1.0/image//usr/include/dc1394/vendor"
 /usr/bin/install -c -m 644 'avt.h' '/var/tmp/portage/media-libs/libdc1394-2.1.0/image//usr/include/dc1394/vendor/avt.h'
 /usr/bin/install -c -m 644 'pixelink.h' '/var/tmp/portage/media-libs/libdc1394-2.1.0/image//usr/include/dc1394/vendor/pixelink.h'
 /usr/bin/install -c -m 644 'basler.h' '/var/tmp/portage/media-libs/libdc1394-2.1.0/image//usr/include/dc1394/vendor/basler.h'
 /usr/bin/install -c -m 644 'basler_sff.h' '/var/tmp/portage/media-libs/libdc1394-2.1.0/image//usr/include/dc1394/vendor/basler_sff.h'
make[3]: Leaving directory `/var/tmp/portage/media-libs/libdc1394-2.1.0/work/libdc1394-2.1.0/dc1394/vendor'
make[2]: Leaving directory `/var/tmp/portage/media-libs/libdc1394-2.1.0/work/libdc1394-2.1.0/dc1394/vendor'
make[2]: Entering directory `/var/tmp/portage/media-libs/libdc1394-2.1.0/work/libdc1394-2.1.0/dc1394'
make[3]: Entering directory `/var/tmp/portage/media-libs/libdc1394-2.1.0/work/libdc1394-2.1.0/dc1394'
test -z "/usr/lib64" || /bin/mkdir -p "/var/tmp/portage/media-libs/libdc1394-2.1.0/image//usr/lib64"
test -z "/usr/include/dc1394" || /bin/mkdir -p "/var/tmp/portage/media-libs/libdc1394-2.1.0/image//usr/include/dc1394"
 /bin/sh ../libtool   --mode=install /usr/bin/install -c  'libdc1394.la' '/var/tmp/portage/media-libs/libdc1394-2.1.0/image//usr/lib64/libdc1394.la'
 /usr/bin/install -c -m 644 'dc1394.h' '/var/tmp/portage/media-libs/libdc1394-2.1.0/image//usr/include/dc1394/dc1394.h'
 /usr/bin/install -c -m 644 'types.h' '/var/tmp/portage/media-libs/libdc1394-2.1.0/image//usr/include/dc1394/types.h'
 /usr/bin/install -c -m 644 'camera.h' '/var/tmp/portage/media-libs/libdc1394-2.1.0/image//usr/include/dc1394/camera.h'
libtool: install: /usr/bin/install -c .libs/libdc1394.so.22.1.2 /var/tmp/portage/media-libs/libdc1394-2.1.0/image//usr/lib64/libdc1394.so.22.1.2
 /usr/bin/install -c -m 644 'control.h' '/var/tmp/portage/media-libs/libdc1394-2.1.0/image//usr/include/dc1394/control.h'
libtool: install: (cd /var/tmp/portage/media-libs/libdc1394-2.1.0/image//usr/lib64 && { ln -s -f libdc1394.so.22.1.2 libdc1394.so.22 || { rm -f libdc1394.so.22 && ln -s libdc1394.so.22.1.2 libdc1394.so.22; }; })
libtool: install: (cd /var/tmp/portage/media-libs/libdc1394-2.1.0/image//usr/lib64 && { ln -s -f libdc1394.so.22.1.2 libdc1394.so || { rm -f libdc1394.so && ln -s libdc1394.so.22.1.2 libdc1394.so; }; })
 /usr/bin/install -c -m 644 'capture.h' '/var/tmp/portage/media-libs/libdc1394-2.1.0/image//usr/include/dc1394/capture.h'
 /usr/bin/install -c -m 644 'video.h' '/var/tmp/portage/media-libs/libdc1394-2.1.0/image//usr/include/dc1394/video.h'
libtool: install: /usr/bin/install -c .libs/libdc1394.lai /var/tmp/portage/media-libs/libdc1394-2.1.0/image//usr/lib64/libdc1394.la
libtool: install: /usr/bin/install -c .libs/libdc1394.a /var/tmp/portage/media-libs/libdc1394-2.1.0/image//usr/lib64/libdc1394.a
 /usr/bin/install -c -m 644 'format7.h' '/var/tmp/portage/media-libs/libdc1394-2.1.0/image//usr/include/dc1394/format7.h'
libtool: install: chmod 644 /var/tmp/portage/media-libs/libdc1394-2.1.0/image//usr/lib64/libdc1394.a
libtool: install: x86_64-pc-linux-gnu-ranlib /var/tmp/portage/media-libs/libdc1394-2.1.0/image//usr/lib64/libdc1394.a
 /usr/bin/install -c -m 644 'utils.h' '/var/tmp/portage/media-libs/libdc1394-2.1.0/image//usr/include/dc1394/utils.h'
libtool: install: warning: remember to run `libtool --finish /usr/lib64'
 /usr/bin/install -c -m 644 'conversions.h' '/var/tmp/portage/media-libs/libdc1394-2.1.0/image//usr/include/dc1394/conversions.h'
 /usr/bin/install -c -m 644 'register.h' '/var/tmp/portage/media-libs/libdc1394-2.1.0/image//usr/include/dc1394/register.h'
 /usr/bin/install -c -m 644 'log.h' '/var/tmp/portage/media-libs/libdc1394-2.1.0/image//usr/include/dc1394/log.h'
 /usr/bin/install -c -m 644 'iso.h' '/var/tmp/portage/media-libs/libdc1394-2.1.0/image//usr/include/dc1394/iso.h'
make[3]: Leaving directory `/var/tmp/portage/media-libs/libdc1394-2.1.0/work/libdc1394-2.1.0/dc1394'
make[2]: Leaving directory `/var/tmp/portage/media-libs/libdc1394-2.1.0/work/libdc1394-2.1.0/dc1394'
make[1]: Leaving directory `/var/tmp/portage/media-libs/libdc1394-2.1.0/work/libdc1394-2.1.0/dc1394'
make[1]: Entering directory `/var/tmp/portage/media-libs/libdc1394-2.1.0/work/libdc1394-2.1.0'
make[2]: Entering directory `/var/tmp/portage/media-libs/libdc1394-2.1.0/work/libdc1394-2.1.0'
make[2]: Nothing to be done for `install-exec-am'.
test -z "/usr/share/man/man3" || /bin/mkdir -p "/var/tmp/portage/media-libs/libdc1394-2.1.0/image//usr/share/man/man3"
test -z "/usr/lib64/pkgconfig" || /bin/mkdir -p "/var/tmp/portage/media-libs/libdc1394-2.1.0/image//usr/lib64/pkgconfig"
 /usr/bin/install -c -m 644 'libdc1394-2.pc' '/var/tmp/portage/media-libs/libdc1394-2.1.0/image//usr/lib64/pkgconfig/libdc1394-2.pc'
make[2]: Leaving directory `/var/tmp/portage/media-libs/libdc1394-2.1.0/work/libdc1394-2.1.0'
make[1]: Leaving directory `/var/tmp/portage/media-libs/libdc1394-2.1.0/work/libdc1394-2.1.0'
>>> Completed installing libdc1394-2.1.0 into /var/tmp/portage/media-libs/libdc1394-2.1.0/image/

ecompressdir: bzip2 -9 /usr/share/man
removing executable bit: usr/lib64/libdc1394.la

>>> Installing media-libs/libdc1394-2.1.0

>>> Recording media-libs/libdc1394 in "world" favorites file...
>>> Auto-cleaning packages...

>>> No outdated packages were found on your system.

 * GNU info directory index is up-to-date.
